<?xml version="1.0" encoding="UTF-8"?>
<testng-results skipped="0" failed="0" ignored="0" total="1" passed="1">
  <reporter-output>
  </reporter-output>
  <suite name="Default suite" duration-ms="14850" started-at="2019-08-17T03:58:24Z" finished-at="2019-08-17T03:58:39Z">
    <groups>
    </groups>
    <test name="Default test" duration-ms="14850" started-at="2019-08-17T03:58:24Z" finished-at="2019-08-17T03:58:39Z">
      <class name="testcases.GoogleSearchTest">
        <test-method status="PASS" signature="initDriver()[pri:0, instance:testcases.GoogleSearchTest@1fa1d9b]" name="initDriver" is-config="true" duration-ms="4597" started-at="2019-08-17T03:58:24Z" finished-at="2019-08-17T03:58:29Z">
          <reporter-output>
          </reporter-output>
        </test-method> <!-- initDriver -->
        <test-method status="PASS" signature="executeGoogleSearchTest()[pri:0, instance:testcases.GoogleSearchTest@1fa1d9b]" name="executeGoogleSearchTest" duration-ms="8031" started-at="2019-08-17T03:58:29Z" finished-at="2019-08-17T03:58:37Z">
          <reporter-output>
          </reporter-output>
        </test-method> <!-- executeGoogleSearchTest -->
        <test-method status="PASS" signature="closeDriver()[pri:0, instance:testcases.GoogleSearchTest@1fa1d9b]" name="closeDriver" is-config="true" duration-ms="2168" started-at="2019-08-17T03:58:37Z" finished-at="2019-08-17T03:58:39Z">
          <reporter-output>
          </reporter-output>
        </test-method> <!-- closeDriver -->
      </class> <!-- testcases.GoogleSearchTest -->
    </test> <!-- Default test -->
  </suite> <!-- Default suite -->
</testng-results>
